0 verbose cli /usr/local/bin/node /usr/local/bin/npm
1 info using npm@8.19.4
2 info using node@v16.20.2
3 timing npm:load:whichnode Completed in 0ms
4 timing config:load:defaults Completed in 1ms
5 timing config:load:file:/usr/local/lib/node_modules/npm/npmrc Completed in 0ms
6 timing config:load:builtin Completed in 0ms
7 warn config production Use `--omit=dev` instead.
8 timing config:load:cli Completed in 1ms
9 timing config:load:env Completed in 0ms
10 timing config:load:file:/data/.npmrc Completed in 1ms
11 timing config:load:project Completed in 3ms
12 timing config:load:file:/usr/src/node-red/.npmrc Completed in 0ms
13 timing config:load:user Completed in 0ms
14 timing config:load:file:/usr/local/etc/npmrc Completed in 0ms
15 timing config:load:global Completed in 0ms
16 timing config:load:validate Completed in 0ms
17 timing config:load:credentials Completed in 1ms
18 timing config:load:setEnvs Completed in 0ms
19 timing config:load Completed in 7ms
20 timing npm:load:configload Completed in 7ms
21 timing npm:load:mkdirpcache Completed in 1ms
22 timing npm:load:mkdirplogs Completed in 0ms
23 verbose title npm install node-red-contrib-influxdb@0.6.1
24 verbose argv "install" "--no-audit" "--no-update-notifier" "--no-fund" "--save" "--save-prefix" "~" "--production" "--engine-strict" "node-red-contrib-influxdb@0.6.1"
25 timing npm:load:setTitle Completed in 0ms
26 timing config:load:flatten Completed in 1ms
27 timing npm:load:display Completed in 2ms
28 verbose logfile logs-max:10 dir:/data/.npm/_logs
29 verbose logfile /data/.npm/_logs/2023-12-09T08_30_52_075Z-debug-0.log
30 timing npm:load:logFile Completed in 2ms
31 timing npm:load:timers Completed in 0ms
32 timing npm:load:configScope Completed in 0ms
33 timing npm:load Completed in 12ms
34 timing arborist:ctor Completed in 0ms
35 silly logfile done cleaning log files
36 timing arborist:ctor Completed in 0ms
37 timing idealTree:init Completed in 5ms
38 timing idealTree:userRequests Completed in 2ms
39 silly idealTree buildDeps
40 silly fetch manifest node-red-contrib-influxdb@0.6.1
41 http fetch GET 200 https://registry.npmjs.org/node-red-contrib-influxdb 4780ms (cache miss)
42 silly placeDep ROOT node-red-contrib-influxdb@0.6.1 OK for: node-red-project@0.0.1 want: 0.6.1
43 silly fetch manifest influx@5.6.3
44 silly fetch manifest @influxdata/influxdb-client@^1.8.0
45 silly fetch manifest lodash@4.17.21
46 http fetch GET 200 https://registry.npmjs.org/lodash 308ms (cache miss)
47 http fetch GET 200 https://registry.npmjs.org/influx 936ms (cache miss)
48 http fetch GET 200 https://registry.npmjs.org/@influxdata%2finfluxdb-client 2048ms (cache miss)
49 timing idealTree:#root Completed in 6851ms
50 silly placeDep ROOT @influxdata/influxdb-client@1.33.2 OK for: node-red-contrib-influxdb@0.6.1 want: ^1.8.0
51 silly placeDep ROOT influx@5.6.3 OK for: node-red-contrib-influxdb@0.6.1 want: 5.6.3
52 silly placeDep ROOT lodash@4.17.21 OK for: node-red-contrib-influxdb@0.6.1 want: 4.17.21
53 timing idealTree:node_modules/node-red-contrib-influxdb Completed in 9ms
54 timing idealTree:node_modules/@influxdata/influxdb-client Completed in 0ms
55 timing idealTree:node_modules/influx Completed in 0ms
56 timing idealTree:node_modules/lodash Completed in 0ms
57 timing idealTree:buildDeps Completed in 6862ms
58 timing idealTree:fixDepFlags Completed in 1ms
59 timing idealTree Completed in 6870ms
60 timing reify:loadTrees Completed in 6870ms
61 timing reify:diffTrees Completed in 1ms
62 silly reify moves {}
63 timing reify:retireShallow Completed in 1ms
64 timing reify:createSparse Completed in 2ms
65 timing reify:trashOmits Completed in 0ms
66 timing reify:loadBundles Completed in 0ms
67 silly tarball no local data for lodash@https://registry.npmjs.org/lodash/-/lodash-4.17.21.tgz. Extracting by manifest.
68 silly tarball no local data for influx@https://registry.npmjs.org/influx/-/influx-5.6.3.tgz. Extracting by manifest.
69 silly tarball no local data for @influxdata/influxdb-client@https://registry.npmjs.org/@influxdata/influxdb-client/-/influxdb-client-1.33.2.tgz. Extracting by manifest.
70 silly tarball no local data for node-red-contrib-influxdb@https://registry.npmjs.org/node-red-contrib-influxdb/-/node-red-contrib-influxdb-0.6.1.tgz. Extracting by manifest.
71 http fetch GET 200 https://registry.npmjs.org/influx/-/influx-5.6.3.tgz 170ms (cache miss)
72 timing reifyNode:node_modules/influx Completed in 179ms
73 http fetch GET 200 https://registry.npmjs.org/lodash/-/lodash-4.17.21.tgz 273ms (cache miss)
74 timing reifyNode:node_modules/lodash Completed in 278ms
75 http fetch GET 200 https://registry.npmjs.org/node-red-contrib-influxdb/-/node-red-contrib-influxdb-0.6.1.tgz 280ms (cache miss)
76 timing reifyNode:node_modules/node-red-contrib-influxdb Completed in 290ms
77 http fetch GET 200 https://registry.npmjs.org/@influxdata/influxdb-client/-/influxdb-client-1.33.2.tgz 1055ms (cache miss)
78 timing reifyNode:node_modules/@influxdata/influxdb-client Completed in 1065ms
79 timing reify:unpack Completed in 1066ms
80 timing reify:unretire Completed in 0ms
81 timing build:queue Completed in 0ms
82 timing build:deps Completed in 1ms
83 timing build Completed in 2ms
84 timing reify:build Completed in 2ms
85 timing reify:trash Completed in 0ms
86 timing reify:save Completed in 5ms
87 timing reify Completed in 7953ms
88 silly ADD node_modules/lodash
89 silly ADD node_modules/influx
90 silly ADD node_modules/@influxdata/influxdb-client
91 silly ADD node_modules/node-red-contrib-influxdb
92 timing command:install Completed in 7955ms
93 verbose exit 0
94 timing npm Completed in 7999ms
95 info ok
